2021-03-31 16:19:28,128 INFO o.a.j.u.JMeterUtils: Setting Locale to en_EN
2021-03-31 16:19:28,187 INFO o.a.j.JMeter: Loading user properties from: /Users/danilo/apache-jmeter-5.3/bin/user.properties
2021-03-31 16:19:28,188 INFO o.a.j.JMeter: Loading system properties from: /Users/danilo/apache-jmeter-5.3/bin/system.properties
2021-03-31 16:19:28,189 INFO o.a.j.JMeter: Copyright (c) 1998-2020 The Apache Software Foundation
2021-03-31 16:19:28,190 INFO o.a.j.JMeter: Version 5.3
2021-03-31 16:19:28,190 INFO o.a.j.JMeter: java.version=1.8.0_242-release
2021-03-31 16:19:28,190 INFO o.a.j.JMeter: java.vm.name=OpenJDK 64-Bit Server VM
2021-03-31 16:19:28,190 INFO o.a.j.JMeter: os.name=Mac OS X
2021-03-31 16:19:28,190 INFO o.a.j.JMeter: os.arch=x86_64
2021-03-31 16:19:28,190 INFO o.a.j.JMeter: os.version=10.16
2021-03-31 16:19:28,190 INFO o.a.j.JMeter: file.encoding=UTF-8
2021-03-31 16:19:28,190 INFO o.a.j.JMeter: java.awt.headless=null
2021-03-31 16:19:28,190 INFO o.a.j.JMeter: Max memory     =1073741824
2021-03-31 16:19:28,190 INFO o.a.j.JMeter: Available Processors =8
2021-03-31 16:19:28,198 INFO o.a.j.JMeter: Default Locale=English (EN)
2021-03-31 16:19:28,199 INFO o.a.j.JMeter: JMeter  Locale=English (EN)
2021-03-31 16:19:28,199 INFO o.a.j.JMeter: JMeterHome=/Users/danilo/apache-jmeter-5.3
2021-03-31 16:19:28,199 INFO o.a.j.JMeter: user.dir  =/Users/danilo/Desktop/devops/terraforms/lab
2021-03-31 16:19:28,199 INFO o.a.j.JMeter: PWD       =/Users/danilo/Desktop/devops/terraforms/lab
2021-03-31 16:19:28,202 INFO o.a.j.JMeter: IP: 127.0.0.1 Name: Macbooks-MacBook-Pro.local FullName: localhost
2021-03-31 16:19:28,888 INFO o.a.j.JMeter: Setting LAF to: com.github.weisj.darklaf.DarkLaf:com.github.weisj.darklaf.theme.DarculaTheme
2021-03-31 16:19:31,337 INFO o.a.j.JMeter: Loaded icon properties from org/apache/jmeter/images/icon.properties
2021-03-31 16:22:36,276 INFO o.a.j.s.SampleResult: Note: Sample TimeStamps are START times
2021-03-31 16:22:36,278 INFO o.a.j.s.SampleResult: sampleresult.default.encoding is set to ISO-8859-1
2021-03-31 16:22:36,278 INFO o.a.j.s.SampleResult: sampleresult.useNanoTime=true
2021-03-31 16:22:36,279 INFO o.a.j.s.SampleResult: sampleresult.nanoThreadSleep=5000
2021-03-31 16:22:36,567 INFO o.a.j.v.ViewResultsFullVisualizer: Add JavaFX to your Java installation if you want to use renderer: org.apache.jmeter.visualizers.RenderInBrowser
2021-03-31 16:25:08,651 INFO o.a.j.s.FileServer: Default base='/Users/danilo/Desktop/devops/terraforms/lab'
2021-03-31 16:25:08,655 INFO o.a.j.g.a.Load: Loading file: /Users/danilo/Desktop/bdd_tdd_spring/jmeter/jmeter.jmx
2021-03-31 16:25:08,655 INFO o.a.j.s.FileServer: Set new base='/Users/danilo/Desktop/bdd_tdd_spring/jmeter'
2021-03-31 16:25:08,887 INFO o.a.j.s.SaveService: Testplan (JMX) version: 2.2. Testlog (JTL) version: 2.2
2021-03-31 16:25:08,929 INFO o.a.j.s.SaveService: Using SaveService properties file encoding UTF-8
2021-03-31 16:25:08,930 INFO o.a.j.s.SaveService: Using SaveService properties version 5.0
2021-03-31 16:25:08,935 INFO o.a.j.s.SaveService: Loading file: /Users/danilo/Desktop/bdd_tdd_spring/jmeter/jmeter.jmx
2021-03-31 16:25:08,965 INFO o.a.j.p.h.s.HTTPSamplerBase: Parser for text/html is org.apache.jmeter.protocol.http.parser.LagartoBasedHtmlParser
2021-03-31 16:25:08,966 INFO o.a.j.p.h.s.HTTPSamplerBase: Parser for application/xhtml+xml is org.apache.jmeter.protocol.http.parser.LagartoBasedHtmlParser
2021-03-31 16:25:08,966 INFO o.a.j.p.h.s.HTTPSamplerBase: Parser for application/xml is org.apache.jmeter.protocol.http.parser.LagartoBasedHtmlParser
2021-03-31 16:25:08,966 INFO o.a.j.p.h.s.HTTPSamplerBase: Parser for text/xml is org.apache.jmeter.protocol.http.parser.LagartoBasedHtmlParser
2021-03-31 16:25:08,966 INFO o.a.j.p.h.s.HTTPSamplerBase: Parser for text/vnd.wap.wml is org.apache.jmeter.protocol.http.parser.RegexpHTMLParser
2021-03-31 16:25:08,966 INFO o.a.j.p.h.s.HTTPSamplerBase: Parser for text/css is org.apache.jmeter.protocol.http.parser.CssParser
2021-03-31 16:25:09,084 INFO o.a.j.v.ViewResultsFullVisualizer: Add JavaFX to your Java installation if you want to use renderer: org.apache.jmeter.visualizers.RenderInBrowser
2021-03-31 16:25:09,163 INFO o.a.j.s.FileServer: Set new base='/Users/danilo/Desktop/bdd_tdd_spring/jmeter'
2021-03-31 16:25:47,999 INFO o.a.j.v.ViewResultsFullVisualizer: Add JavaFX to your Java installation if you want to use renderer: org.apache.jmeter.visualizers.RenderInBrowser
2021-03-31 16:27:22,499 INFO o.a.j.e.StandardJMeterEngine: Running the test!
2021-03-31 16:27:22,501 INFO o.a.j.s.SampleEvent: List of sample_variables: []
2021-03-31 16:27:22,502 INFO o.a.j.s.SampleEvent: List of sample_variables: []
2021-03-31 16:27:22,504 INFO o.a.j.e.u.CompoundVariable: Note: Function class names must contain the string: '.functions.'
2021-03-31 16:27:22,504 INFO o.a.j.e.u.CompoundVariable: Note: Function class names must not contain the string: '.gui.'
2021-03-31 16:27:22,932 INFO o.a.j.g.u.JMeterMenuBar: setRunning(true, *local*)
2021-03-31 16:27:23,276 INFO o.a.j.e.StandardJMeterEngine: Starting ThreadGroup: 1 : Thread Group
2021-03-31 16:27:23,276 INFO o.a.j.e.StandardJMeterEngine: Starting 40 threads for group Thread Group.
2021-03-31 16:27:23,276 INFO o.a.j.e.StandardJMeterEngine: Thread will continue on error
2021-03-31 16:27:23,277 INFO o.a.j.t.ThreadGroup: Starting thread group... number=1 threads=40 ramp-up=10 delayedStart=false
2021-03-31 16:27:23,295 INFO o.a.j.t.JMeterThread: Thread started: Thread Group 1-1
2021-03-31 16:27:23,359 INFO o.a.j.t.ThreadGroup: Started thread group number 1
2021-03-31 16:27:23,359 INFO o.a.j.e.StandardJMeterEngine: All thread groups have been started
2021-03-31 16:27:23,543 INFO o.a.j.t.JMeterThread: Thread started: Thread Group 1-2
2021-03-31 16:27:23,790 INFO o.a.j.t.JMeterThread: Thread started: Thread Group 1-3
2021-03-31 16:27:24,035 INFO o.a.j.t.JMeterThread: Thread started: Thread Group 1-4
2021-03-31 16:27:24,281 INFO o.a.j.t.JMeterThread: Thread started: Thread Group 1-5
2021-03-31 16:27:24,535 INFO o.a.j.t.JMeterThread: Thread started: Thread Group 1-6
2021-03-31 16:27:24,782 INFO o.a.j.t.JMeterThread: Thread started: Thread Group 1-7
2021-03-31 16:27:25,074 INFO o.a.j.t.JMeterThread: Thread started: Thread Group 1-8
2021-03-31 16:27:25,319 INFO o.a.j.t.JMeterThread: Thread started: Thread Group 1-9
2021-03-31 16:27:25,571 INFO o.a.j.t.JMeterThread: Thread started: Thread Group 1-10
2021-03-31 16:27:25,816 INFO o.a.j.t.JMeterThread: Thread started: Thread Group 1-11
2021-03-31 16:27:26,058 INFO o.a.j.t.JMeterThread: Thread started: Thread Group 1-12
2021-03-31 16:27:26,304 INFO o.a.j.t.JMeterThread: Thread started: Thread Group 1-13
2021-03-31 16:27:26,555 INFO o.a.j.t.JMeterThread: Thread started: Thread Group 1-14
2021-03-31 16:27:26,804 INFO o.a.j.t.JMeterThread: Thread started: Thread Group 1-15
2021-03-31 16:27:27,063 INFO o.a.j.t.JMeterThread: Thread started: Thread Group 1-16
2021-03-31 16:27:27,303 INFO o.a.j.t.JMeterThread: Thread started: Thread Group 1-17
2021-03-31 16:27:27,546 INFO o.a.j.t.JMeterThread: Thread started: Thread Group 1-18
2021-03-31 16:27:27,792 INFO o.a.j.t.JMeterThread: Thread started: Thread Group 1-19
2021-03-31 16:27:28,034 INFO o.a.j.t.JMeterThread: Thread started: Thread Group 1-20
2021-03-31 16:27:28,283 INFO o.a.j.t.JMeterThread: Thread started: Thread Group 1-21
2021-03-31 16:27:28,530 INFO o.a.j.t.JMeterThread: Thread started: Thread Group 1-22
2021-03-31 16:27:28,780 INFO o.a.j.t.JMeterThread: Thread started: Thread Group 1-23
2021-03-31 16:27:29,035 INFO o.a.j.t.JMeterThread: Thread started: Thread Group 1-24
2021-03-31 16:27:29,282 INFO o.a.j.t.JMeterThread: Thread started: Thread Group 1-25
2021-03-31 16:27:29,535 INFO o.a.j.t.JMeterThread: Thread started: Thread Group 1-26
2021-03-31 16:27:29,784 INFO o.a.j.t.JMeterThread: Thread started: Thread Group 1-27
2021-03-31 16:27:30,031 INFO o.a.j.t.JMeterThread: Thread started: Thread Group 1-28
2021-03-31 16:27:30,281 INFO o.a.j.t.JMeterThread: Thread started: Thread Group 1-29
2021-03-31 16:27:30,537 INFO o.a.j.t.JMeterThread: Thread started: Thread Group 1-30
2021-03-31 16:27:30,780 INFO o.a.j.t.JMeterThread: Thread started: Thread Group 1-31
2021-03-31 16:27:31,031 INFO o.a.j.t.JMeterThread: Thread started: Thread Group 1-32
2021-03-31 16:27:31,281 INFO o.a.j.t.JMeterThread: Thread started: Thread Group 1-33
2021-03-31 16:27:31,531 INFO o.a.j.t.JMeterThread: Thread started: Thread Group 1-34
2021-03-31 16:27:31,783 INFO o.a.j.t.JMeterThread: Thread started: Thread Group 1-35
2021-03-31 16:27:32,031 INFO o.a.j.t.JMeterThread: Thread started: Thread Group 1-36
2021-03-31 16:27:32,280 INFO o.a.j.t.JMeterThread: Thread started: Thread Group 1-37
2021-03-31 16:27:32,531 INFO o.a.j.t.JMeterThread: Thread started: Thread Group 1-38
2021-03-31 16:27:32,631 INFO o.a.j.g.a.Start: Stopping test
2021-03-31 16:27:32,693 INFO o.a.j.t.JMeterThread: Stopping: Thread Group 1-34
2021-03-31 16:27:32,694 WARN o.a.j.t.JMeterThread: Interrupting: Thread Group 1-34 sampler: Site WordPress Concrete
2021-03-31 16:27:32,694 WARN o.a.j.t.JMeterThread: No operation pending
2021-03-31 16:27:32,694 INFO o.a.j.t.JMeterThread: Stopping: Thread Group 1-5
2021-03-31 16:27:32,695 WARN o.a.j.t.JMeterThread: Interrupting: Thread Group 1-5 sampler: Site WordPress Concrete
2021-03-31 16:27:32,695 WARN o.a.j.t.JMeterThread: No operation pending
2021-03-31 16:27:32,695 INFO o.a.j.t.JMeterThread: Stopping: Thread Group 1-25
2021-03-31 16:27:32,695 WARN o.a.j.t.JMeterThread: Interrupting: Thread Group 1-25 sampler: Site WordPress Concrete
2021-03-31 16:27:32,695 WARN o.a.j.t.JMeterThread: No operation pending
2021-03-31 16:27:32,695 INFO o.a.j.t.JMeterThread: Stopping: Thread Group 1-39
2021-03-31 16:27:32,695 INFO o.a.j.t.JMeterThread: Stopping: Thread Group 1-38
2021-03-31 16:27:32,696 WARN o.a.j.t.JMeterThread: Interrupting: Thread Group 1-38 sampler: Site WordPress Concrete
2021-03-31 16:27:32,695 INFO o.a.j.t.JMeterThread: Thread started: Thread Group 1-39
2021-03-31 16:27:32,696 WARN o.a.j.t.JMeterThread: No operation pending
2021-03-31 16:27:32,696 INFO o.a.j.t.JMeterThread: Thread finished: Thread Group 1-25
2021-03-31 16:27:32,696 INFO o.a.j.t.JMeterThread: Stopping: Thread Group 1-32
2021-03-31 16:27:32,696 INFO o.a.j.t.JMeterThread: Thread finished: Thread Group 1-39
2021-03-31 16:27:32,696 WARN o.a.j.t.JMeterThread: Interrupting: Thread Group 1-32 sampler: Site WordPress Concrete
2021-03-31 16:27:32,696 INFO o.a.j.t.JMeterThread: Thread finished: Thread Group 1-34
2021-03-31 16:27:32,697 WARN o.a.j.t.JMeterThread: No operation pending
2021-03-31 16:27:32,697 INFO o.a.j.t.JMeterThread: Stopping: Thread Group 1-6
2021-03-31 16:27:32,697 WARN o.a.j.t.JMeterThread: Interrupting: Thread Group 1-6 sampler: Site WordPress Concrete
2021-03-31 16:27:32,697 WARN o.a.j.t.JMeterThread: No operation pending
2021-03-31 16:27:32,697 INFO o.a.j.t.JMeterThread: Thread finished: Thread Group 1-5
2021-03-31 16:27:32,697 INFO o.a.j.t.JMeterThread: Stopping: Thread Group 1-16
2021-03-31 16:27:32,698 WARN o.a.j.t.JMeterThread: Interrupting: Thread Group 1-16 sampler: Site WordPress Concrete
2021-03-31 16:27:32,698 WARN o.a.j.t.JMeterThread: No operation pending
2021-03-31 16:27:32,698 INFO o.a.j.t.JMeterThread: Thread finished: Thread Group 1-38
2021-03-31 16:27:32,698 INFO o.a.j.t.JMeterThread: Stopping: Thread Group 1-35
2021-03-31 16:27:32,698 WARN o.a.j.t.JMeterThread: Interrupting: Thread Group 1-35 sampler: Site WordPress Concrete
2021-03-31 16:27:32,698 WARN o.a.j.t.JMeterThread: No operation pending
2021-03-31 16:27:32,698 INFO o.a.j.t.JMeterThread: Stopping: Thread Group 1-19
2021-03-31 16:27:32,698 WARN o.a.j.t.JMeterThread: Interrupting: Thread Group 1-19 sampler: Site WordPress Concrete
2021-03-31 16:27:32,699 INFO o.a.j.t.JMeterThread: Thread finished: Thread Group 1-35
2021-03-31 16:27:32,699 WARN o.a.j.t.JMeterThread: No operation pending
2021-03-31 16:27:32,699 INFO o.a.j.t.JMeterThread: Stopping: Thread Group 1-31
2021-03-31 16:27:32,699 WARN o.a.j.t.JMeterThread: Interrupting: Thread Group 1-31 sampler: Site WordPress Concrete
2021-03-31 16:27:32,700 WARN o.a.j.t.JMeterThread: No operation pending
2021-03-31 16:27:32,700 INFO o.a.j.t.JMeterThread: Stopping: Thread Group 1-1
2021-03-31 16:27:32,700 WARN o.a.j.t.JMeterThread: Interrupting: Thread Group 1-1 sampler: Site WordPress Concrete
2021-03-31 16:27:32,700 WARN o.a.j.t.JMeterThread: No operation pending
2021-03-31 16:27:32,700 INFO o.a.j.t.JMeterThread: Stopping: Thread Group 1-24
2021-03-31 16:27:32,700 INFO o.a.j.t.JMeterThread: Thread finished: Thread Group 1-24
2021-03-31 16:27:32,699 INFO o.a.j.t.JMeterThread: Thread finished: Thread Group 1-16
2021-03-31 16:27:32,700 INFO o.a.j.t.JMeterThread: Stopping: Thread Group 1-15
2021-03-31 16:27:32,701 WARN o.a.j.t.JMeterThread: Interrupting: Thread Group 1-15 sampler: Site WordPress Concrete
2021-03-31 16:27:32,701 WARN o.a.j.t.JMeterThread: No operation pending
2021-03-31 16:27:32,701 INFO o.a.j.t.JMeterThread: Stopping: Thread Group 1-8
2021-03-31 16:27:32,701 WARN o.a.j.t.JMeterThread: Interrupting: Thread Group 1-8 sampler: Site WordPress Concrete
2021-03-31 16:27:32,701 WARN o.a.j.t.JMeterThread: No operation pending
2021-03-31 16:27:32,701 INFO o.a.j.t.JMeterThread: Stopping: Thread Group 1-33
2021-03-31 16:27:32,701 INFO o.a.j.t.JMeterThread: Thread finished: Thread Group 1-19
2021-03-31 16:27:32,701 WARN o.a.j.t.JMeterThread: Interrupting: Thread Group 1-33 sampler: Site WordPress Concrete
2021-03-31 16:27:32,701 WARN o.a.j.t.JMeterThread: No operation pending
2021-03-31 16:27:32,702 INFO o.a.j.t.JMeterThread: Stopping: Thread Group 1-9
2021-03-31 16:27:32,702 WARN o.a.j.t.JMeterThread: Interrupting: Thread Group 1-9 sampler: Site WordPress Concrete
2021-03-31 16:27:32,702 INFO o.a.j.t.JMeterThread: Thread finished: Thread Group 1-33
2021-03-31 16:27:32,702 WARN o.a.j.t.JMeterThread: No operation pending
2021-03-31 16:27:32,702 INFO o.a.j.t.JMeterThread: Stopping: Thread Group 1-36
2021-03-31 16:27:32,702 INFO o.a.j.t.JMeterThread: Thread finished: Thread Group 1-36
2021-03-31 16:27:32,702 INFO o.a.j.t.JMeterThread: Stopping: Thread Group 1-23
2021-03-31 16:27:32,702 INFO o.a.j.t.JMeterThread: Thread finished: Thread Group 1-9
2021-03-31 16:27:32,702 WARN o.a.j.t.JMeterThread: Interrupting: Thread Group 1-23 sampler: Site WordPress Concrete
2021-03-31 16:27:32,703 WARN o.a.j.t.JMeterThread: No operation pending
2021-03-31 16:27:32,703 INFO o.a.j.t.JMeterThread: Stopping: Thread Group 1-26
2021-03-31 16:27:32,703 INFO o.a.j.t.JMeterThread: Thread finished: Thread Group 1-31
2021-03-31 16:27:32,703 WARN o.a.j.t.JMeterThread: Interrupting: Thread Group 1-26 sampler: Site WordPress Concrete
2021-03-31 16:27:32,704 WARN o.a.j.t.JMeterThread: No operation pending
2021-03-31 16:27:32,704 INFO o.a.j.t.JMeterThread: Stopping: Thread Group 1-20
2021-03-31 16:27:32,704 WARN o.a.j.t.JMeterThread: Interrupting: Thread Group 1-20 sampler: Site WordPress Concrete
2021-03-31 16:27:32,704 WARN o.a.j.t.JMeterThread: No operation pending
2021-03-31 16:27:32,704 INFO o.a.j.t.JMeterThread: Thread finished: Thread Group 1-26
2021-03-31 16:27:32,704 INFO o.a.j.t.JMeterThread: Thread finished: Thread Group 1-1
2021-03-31 16:27:32,704 INFO o.a.j.t.JMeterThread: Stopping: Thread Group 1-28
2021-03-31 16:27:32,705 WARN o.a.j.t.JMeterThread: Interrupting: Thread Group 1-28 sampler: Site WordPress Concrete
2021-03-31 16:27:32,706 WARN o.a.j.t.JMeterThread: No operation pending
2021-03-31 16:27:32,706 INFO o.a.j.t.JMeterThread: Stopping: Thread Group 1-30
2021-03-31 16:27:32,706 INFO o.a.j.t.JMeterThread: Thread finished: Thread Group 1-20
2021-03-31 16:27:32,706 INFO o.a.j.t.JMeterThread: Stopping: Thread Group 1-22
2021-03-31 16:27:32,706 INFO o.a.j.t.JMeterThread: Thread finished: Thread Group 1-30
2021-03-31 16:27:32,708 INFO o.a.j.t.JMeterThread: Thread finished: Thread Group 1-28
2021-03-31 16:27:32,710 INFO o.a.j.t.JMeterThread: Thread finished: Thread Group 1-32
2021-03-31 16:27:32,711 INFO o.a.j.t.JMeterThread: Thread finished: Thread Group 1-6
2021-03-31 16:27:32,706 WARN o.a.j.t.JMeterThread: Interrupting: Thread Group 1-22 sampler: Site WordPress Concrete
2021-03-31 16:27:32,718 WARN o.a.j.t.JMeterThread: No operation pending
2021-03-31 16:27:32,718 INFO o.a.j.t.JMeterThread: Stopping: Thread Group 1-2
2021-03-31 16:27:32,718 WARN o.a.j.t.JMeterThread: Interrupting: Thread Group 1-2 sampler: Site WordPress Concrete
2021-03-31 16:27:32,718 WARN o.a.j.t.JMeterThread: No operation pending
2021-03-31 16:27:32,718 INFO o.a.j.t.JMeterThread: Stopping: Thread Group 1-40
2021-03-31 16:27:32,718 INFO o.a.j.t.JMeterThread: Stopping: Thread Group 1-7
2021-03-31 16:27:32,718 WARN o.a.j.t.JMeterThread: Interrupting: Thread Group 1-7 sampler: Site WordPress Concrete
2021-03-31 16:27:32,719 WARN o.a.j.t.JMeterThread: No operation pending
2021-03-31 16:27:32,718 INFO o.a.j.t.JMeterThread: Thread started: Thread Group 1-40
2021-03-31 16:27:32,719 INFO o.a.j.t.JMeterThread: Stopping: Thread Group 1-17
2021-03-31 16:27:32,719 INFO o.a.j.t.JMeterThread: Thread finished: Thread Group 1-17
2021-03-31 16:27:32,719 INFO o.a.j.t.JMeterThread: Thread finished: Thread Group 1-7
2021-03-31 16:27:32,719 INFO o.a.j.t.JMeterThread: Thread finished: Thread Group 1-40
2021-03-31 16:27:32,719 INFO o.a.j.t.JMeterThread: Stopping: Thread Group 1-18
2021-03-31 16:27:32,719 WARN o.a.j.t.JMeterThread: Interrupting: Thread Group 1-18 sampler: Site WordPress Concrete
2021-03-31 16:27:32,719 WARN o.a.j.t.JMeterThread: No operation pending
2021-03-31 16:27:32,719 INFO o.a.j.t.JMeterThread: Stopping: Thread Group 1-10
2021-03-31 16:27:32,720 INFO o.a.j.t.JMeterThread: Thread finished: Thread Group 1-22
2021-03-31 16:27:32,708 INFO o.a.j.t.JMeterThread: Thread finished: Thread Group 1-15
2021-03-31 16:27:32,720 WARN o.a.j.t.JMeterThread: Interrupting: Thread Group 1-10 sampler: Site WordPress Concrete
2021-03-31 16:27:32,743 WARN o.a.j.t.JMeterThread: No operation pending
2021-03-31 16:27:32,743 INFO o.a.j.t.JMeterThread: Stopping: Thread Group 1-13
2021-03-31 16:27:32,743 WARN o.a.j.t.JMeterThread: Interrupting: Thread Group 1-13 sampler: Site WordPress Concrete
2021-03-31 16:27:32,744 WARN o.a.j.t.JMeterThread: No operation pending
2021-03-31 16:27:32,744 INFO o.a.j.t.JMeterThread: Stopping: Thread Group 1-3
2021-03-31 16:27:32,744 INFO o.a.j.t.JMeterThread: Stopping: Thread Group 1-27
2021-03-31 16:27:32,744 INFO o.a.j.t.JMeterThread: Thread finished: Thread Group 1-3
2021-03-31 16:27:32,744 WARN o.a.j.t.JMeterThread: Interrupting: Thread Group 1-27 sampler: Site WordPress Concrete
2021-03-31 16:27:32,744 WARN o.a.j.t.JMeterThread: No operation pending
2021-03-31 16:27:32,744 INFO o.a.j.t.JMeterThread: Stopping: Thread Group 1-21
2021-03-31 16:27:32,744 WARN o.a.j.t.JMeterThread: Interrupting: Thread Group 1-21 sampler: Site WordPress Concrete
2021-03-31 16:27:32,745 WARN o.a.j.t.JMeterThread: No operation pending
2021-03-31 16:27:32,745 INFO o.a.j.t.JMeterThread: Stopping: Thread Group 1-29
2021-03-31 16:27:32,745 WARN o.a.j.t.JMeterThread: Interrupting: Thread Group 1-29 sampler: Site WordPress Concrete
2021-03-31 16:27:32,745 WARN o.a.j.t.JMeterThread: No operation pending
2021-03-31 16:27:32,745 INFO o.a.j.t.JMeterThread: Stopping: Thread Group 1-4
2021-03-31 16:27:32,745 WARN o.a.j.t.JMeterThread: Interrupting: Thread Group 1-4 sampler: Site WordPress Concrete
2021-03-31 16:27:32,745 WARN o.a.j.t.JMeterThread: No operation pending
2021-03-31 16:27:32,746 INFO o.a.j.t.JMeterThread: Thread finished: Thread Group 1-11
2021-03-31 16:27:32,745 INFO o.a.j.t.JMeterThread: Thread finished: Thread Group 1-29
2021-03-31 16:27:32,746 INFO o.a.j.t.JMeterThread: Stopping: Thread Group 1-11
2021-03-31 16:27:32,746 INFO o.a.j.t.JMeterThread: Stopping: Thread Group 1-37
2021-03-31 16:27:32,746 INFO o.a.j.t.JMeterThread: Thread finished: Thread Group 1-4
2021-03-31 16:27:32,746 WARN o.a.j.t.JMeterThread: Interrupting: Thread Group 1-37 sampler: Site WordPress Concrete
2021-03-31 16:27:32,746 WARN o.a.j.t.JMeterThread: No operation pending
2021-03-31 16:27:32,746 INFO o.a.j.t.JMeterThread: Stopping: Thread Group 1-12
2021-03-31 16:27:32,747 WARN o.a.j.t.JMeterThread: Interrupting: Thread Group 1-12 sampler: Site WordPress Concrete
2021-03-31 16:27:32,747 WARN o.a.j.t.JMeterThread: No operation pending
2021-03-31 16:27:32,747 INFO o.a.j.t.JMeterThread: Stopping: Thread Group 1-14
2021-03-31 16:27:32,747 INFO o.a.j.t.JMeterThread: Thread finished: Thread Group 1-14
2021-03-31 16:27:32,748 INFO o.a.j.t.JMeterThread: Thread finished: Thread Group 1-12
2021-03-31 16:27:32,749 INFO o.a.j.t.JMeterThread: Thread finished: Thread Group 1-18
2021-03-31 16:27:32,749 INFO o.a.j.t.JMeterThread: Thread finished: Thread Group 1-8
2021-03-31 16:27:32,749 INFO o.a.j.t.JMeterThread: Thread finished: Thread Group 1-23
2021-03-31 16:27:32,750 INFO o.a.j.t.JMeterThread: Thread finished: Thread Group 1-10
2021-03-31 16:27:32,749 INFO o.a.j.t.JMeterThread: Thread finished: Thread Group 1-2
2021-03-31 16:27:32,751 INFO o.a.j.t.JMeterThread: Thread finished: Thread Group 1-27
2021-03-31 16:27:32,752 INFO o.a.j.t.JMeterThread: Thread finished: Thread Group 1-21
2021-03-31 16:27:32,752 INFO o.a.j.t.JMeterThread: Thread finished: Thread Group 1-13
2021-03-31 16:27:32,754 INFO o.a.j.t.JMeterThread: Thread finished: Thread Group 1-37
2021-03-31 16:27:32,754 INFO o.a.j.e.StandardJMeterEngine: Notifying test listeners of end of test
2021-03-31 16:27:32,755 INFO o.a.j.g.u.JMeterMenuBar: setRunning(false, *local*)
2021-03-31 16:28:07,241 INFO o.a.j.s.FileServer: Set new base='/Users/danilo/Desktop/devops/jmeter'
2021-03-31 16:28:07,290 INFO o.a.j.g.a.Load: Loading file: /Users/danilo/Desktop/devops/jmeter
2021-03-31 16:28:07,290 INFO o.a.j.s.FileServer: Set new base='/Users/danilo/Desktop/devops'
2021-03-31 16:28:07,290 INFO o.a.j.s.SaveService: Loading file: /Users/danilo/Desktop/devops/jmeter
2021-03-31 16:28:07,290 WARN o.a.j.g.a.Load: Error reading file. java.io.FileNotFoundException: /Users/danilo/Desktop/devops/jmeter (Is a directory)
2021-03-31 16:28:17,490 INFO o.a.j.g.a.Load: Loading file: /Users/danilo/Desktop/devops/jmeter/Site WordPress Concrete.jmx
2021-03-31 16:28:17,491 INFO o.a.j.s.FileServer: Set new base='/Users/danilo/Desktop/devops/jmeter'
2021-03-31 16:28:17,491 INFO o.a.j.s.SaveService: Loading file: /Users/danilo/Desktop/devops/jmeter/Site WordPress Concrete.jmx
2021-03-31 16:28:17,526 INFO o.a.j.v.ViewResultsFullVisualizer: Add JavaFX to your Java installation if you want to use renderer: org.apache.jmeter.visualizers.RenderInBrowser
2021-03-31 16:28:17,576 INFO o.a.j.s.FileServer: Set new base='/Users/danilo/Desktop/devops/jmeter'
2021-03-31 16:28:30,148 INFO o.a.j.e.StandardJMeterEngine: Running the test!
2021-03-31 16:28:30,149 INFO o.a.j.s.SampleEvent: List of sample_variables: []
2021-03-31 16:28:30,150 INFO o.a.j.g.u.JMeterMenuBar: setRunning(true, *local*)
2021-03-31 16:28:30,365 INFO o.a.j.e.StandardJMeterEngine: Starting ThreadGroup: 1 : Thread Group
2021-03-31 16:28:30,366 INFO o.a.j.e.StandardJMeterEngine: Starting 40 threads for group Thread Group.
2021-03-31 16:28:30,366 INFO o.a.j.e.StandardJMeterEngine: Thread will continue on error
2021-03-31 16:28:30,366 INFO o.a.j.t.ThreadGroup: Starting thread group... number=1 threads=40 ramp-up=10 delayedStart=false
2021-03-31 16:28:30,367 INFO o.a.j.t.JMeterThread: Thread started: Thread Group 1-1
2021-03-31 16:28:30,389 INFO o.a.j.t.ThreadGroup: Started thread group number 1
2021-03-31 16:28:30,389 INFO o.a.j.e.StandardJMeterEngine: All thread groups have been started
2021-03-31 16:28:30,390 INFO o.a.j.p.h.s.HTTPHCAbstractImpl: Local host = Macbooks-MacBook-Pro.local
2021-03-31 16:28:30,407 INFO o.a.j.p.h.s.HTTPHC4Impl: HTTP request retry count = 0
2021-03-31 16:28:30,621 INFO o.a.j.t.JMeterThread: Thread started: Thread Group 1-2
2021-03-31 16:28:30,870 INFO o.a.j.t.JMeterThread: Thread started: Thread Group 1-3
2021-03-31 16:28:31,120 INFO o.a.j.t.JMeterThread: Thread started: Thread Group 1-4
2021-03-31 16:28:31,372 INFO o.a.j.t.JMeterThread: Thread started: Thread Group 1-5
2021-03-31 16:28:31,620 INFO o.a.j.t.JMeterThread: Thread started: Thread Group 1-6
2021-03-31 16:28:31,867 INFO o.a.j.t.JMeterThread: Thread started: Thread Group 1-7
2021-03-31 16:28:32,117 INFO o.a.j.t.JMeterThread: Thread started: Thread Group 1-8
2021-03-31 16:28:32,373 INFO o.a.j.t.JMeterThread: Thread started: Thread Group 1-9
2021-03-31 16:28:32,618 INFO o.a.j.t.JMeterThread: Thread started: Thread Group 1-10
2021-03-31 16:28:32,870 INFO o.a.j.t.JMeterThread: Thread started: Thread Group 1-11
2021-03-31 16:28:33,120 INFO o.a.j.t.JMeterThread: Thread started: Thread Group 1-12
2021-03-31 16:28:33,370 INFO o.a.j.t.JMeterThread: Thread started: Thread Group 1-13
2021-03-31 16:28:33,621 INFO o.a.j.t.JMeterThread: Thread started: Thread Group 1-14
2021-03-31 16:28:33,869 INFO o.a.j.t.JMeterThread: Thread started: Thread Group 1-15
2021-03-31 16:28:34,120 INFO o.a.j.t.JMeterThread: Thread started: Thread Group 1-16
2021-03-31 16:28:34,370 INFO o.a.j.t.JMeterThread: Thread started: Thread Group 1-17
2021-03-31 16:28:34,621 INFO o.a.j.t.JMeterThread: Thread started: Thread Group 1-18
2021-03-31 16:28:34,872 INFO o.a.j.t.JMeterThread: Thread started: Thread Group 1-19
2021-03-31 16:28:35,121 INFO o.a.j.t.JMeterThread: Thread started: Thread Group 1-20
2021-03-31 16:28:35,370 INFO o.a.j.t.JMeterThread: Thread started: Thread Group 1-21
2021-03-31 16:28:35,620 INFO o.a.j.t.JMeterThread: Thread started: Thread Group 1-22
2021-03-31 16:28:35,869 INFO o.a.j.t.JMeterThread: Thread started: Thread Group 1-23
2021-03-31 16:28:36,123 INFO o.a.j.t.JMeterThread: Thread started: Thread Group 1-24
2021-03-31 16:28:36,371 INFO o.a.j.t.JMeterThread: Thread started: Thread Group 1-25
2021-03-31 16:28:36,620 INFO o.a.j.t.JMeterThread: Thread started: Thread Group 1-26
2021-03-31 16:28:36,869 INFO o.a.j.t.JMeterThread: Thread started: Thread Group 1-27
2021-03-31 16:28:37,121 INFO o.a.j.t.JMeterThread: Thread started: Thread Group 1-28
2021-03-31 16:28:37,369 INFO o.a.j.t.JMeterThread: Thread started: Thread Group 1-29
2021-03-31 16:28:37,621 INFO o.a.j.t.JMeterThread: Thread started: Thread Group 1-30
2021-03-31 16:28:37,870 INFO o.a.j.t.JMeterThread: Thread started: Thread Group 1-31
2021-03-31 16:28:38,120 INFO o.a.j.t.JMeterThread: Thread started: Thread Group 1-32
2021-03-31 16:28:38,372 INFO o.a.j.t.JMeterThread: Thread started: Thread Group 1-33
2021-03-31 16:28:38,621 INFO o.a.j.t.JMeterThread: Thread started: Thread Group 1-34
2021-03-31 16:28:38,869 INFO o.a.j.t.JMeterThread: Thread started: Thread Group 1-35
2021-03-31 16:28:39,127 INFO o.a.j.t.JMeterThread: Thread started: Thread Group 1-36
2021-03-31 16:28:39,370 INFO o.a.j.t.JMeterThread: Thread started: Thread Group 1-37
2021-03-31 16:28:39,618 INFO o.a.j.t.JMeterThread: Thread started: Thread Group 1-38
2021-03-31 16:28:39,869 INFO o.a.j.t.JMeterThread: Thread started: Thread Group 1-39
2021-03-31 16:28:40,120 INFO o.a.j.t.JMeterThread: Thread started: Thread Group 1-40
2021-03-31 16:30:27,972 INFO o.a.j.g.a.Start: Stopping test
2021-03-31 16:30:28,017 INFO o.a.j.t.JMeterThread: Stopping: Thread Group 1-12
2021-03-31 16:30:28,018 WARN o.a.j.t.JMeterThread: Interrupting: Thread Group 1-12 sampler: Site WordPress Concrete
2021-03-31 16:30:28,020 INFO o.a.j.t.JMeterThread: Stopping: Thread Group 1-11
2021-03-31 16:30:28,020 WARN o.a.j.t.JMeterThread: Interrupting: Thread Group 1-11 sampler: Site WordPress Concrete
2021-03-31 16:30:28,023 INFO o.a.j.t.JMeterThread: Stopping: Thread Group 1-40
2021-03-31 16:30:28,023 INFO o.a.j.t.JMeterThread: Thread finished: Thread Group 1-12
2021-03-31 16:30:28,023 WARN o.a.j.t.JMeterThread: Interrupting: Thread Group 1-40 sampler: Site WordPress Concrete
2021-03-31 16:30:28,024 INFO o.a.j.t.JMeterThread: Thread finished: Thread Group 1-11
2021-03-31 16:30:28,024 INFO o.a.j.t.JMeterThread: Stopping: Thread Group 1-10
2021-03-31 16:30:28,024 WARN o.a.j.t.JMeterThread: Interrupting: Thread Group 1-10 sampler: Site WordPress Concrete
2021-03-31 16:30:28,024 INFO o.a.j.t.JMeterThread: Stopping: Thread Group 1-5
2021-03-31 16:30:28,025 INFO o.a.j.t.JMeterThread: Thread finished: Thread Group 1-40
2021-03-31 16:30:28,025 WARN o.a.j.t.JMeterThread: Interrupting: Thread Group 1-5 sampler: Site WordPress Concrete
2021-03-31 16:30:28,026 INFO o.a.j.t.JMeterThread: Thread finished: Thread Group 1-10
2021-03-31 16:30:28,027 INFO o.a.j.t.JMeterThread: Stopping: Thread Group 1-18
2021-03-31 16:30:28,027 WARN o.a.j.t.JMeterThread: Interrupting: Thread Group 1-18 sampler: Site WordPress Concrete
2021-03-31 16:30:28,027 INFO o.a.j.t.JMeterThread: Thread finished: Thread Group 1-5
2021-03-31 16:30:28,028 INFO o.a.j.t.JMeterThread: Stopping: Thread Group 1-25
2021-03-31 16:30:28,028 WARN o.a.j.t.JMeterThread: Interrupting: Thread Group 1-25 sampler: Site WordPress Concrete
2021-03-31 16:30:28,030 INFO o.a.j.t.JMeterThread: Thread finished: Thread Group 1-18
2021-03-31 16:30:28,031 INFO o.a.j.t.JMeterThread: Stopping: Thread Group 1-27
2021-03-31 16:30:28,031 WARN o.a.j.t.JMeterThread: Interrupting: Thread Group 1-27 sampler: Site WordPress Concrete
2021-03-31 16:30:28,032 INFO o.a.j.t.JMeterThread: Stopping: Thread Group 1-8
2021-03-31 16:30:28,032 WARN o.a.j.t.JMeterThread: Interrupting: Thread Group 1-8 sampler: Site WordPress Concrete
2021-03-31 16:30:28,033 INFO o.a.j.t.JMeterThread: Thread finished: Thread Group 1-25
2021-03-31 16:30:28,033 INFO o.a.j.t.JMeterThread: Thread finished: Thread Group 1-27
2021-03-31 16:30:28,034 INFO o.a.j.t.JMeterThread: Stopping: Thread Group 1-30
2021-03-31 16:30:28,034 WARN o.a.j.t.JMeterThread: Interrupting: Thread Group 1-30 sampler: Site WordPress Concrete
2021-03-31 16:30:28,034 INFO o.a.j.t.JMeterThread: Thread finished: Thread Group 1-8
2021-03-31 16:30:28,035 INFO o.a.j.t.JMeterThread: Stopping: Thread Group 1-23
2021-03-31 16:30:28,035 WARN o.a.j.t.JMeterThread: Interrupting: Thread Group 1-23 sampler: Site WordPress Concrete
2021-03-31 16:30:28,036 INFO o.a.j.t.JMeterThread: Stopping: Thread Group 1-33
2021-03-31 16:30:28,036 INFO o.a.j.t.JMeterThread: Thread finished: Thread Group 1-30
2021-03-31 16:30:28,036 WARN o.a.j.t.JMeterThread: Interrupting: Thread Group 1-33 sampler: Site WordPress Concrete
2021-03-31 16:30:28,037 INFO o.a.j.t.JMeterThread: Stopping: Thread Group 1-14
2021-03-31 16:30:28,037 WARN o.a.j.t.JMeterThread: Interrupting: Thread Group 1-14 sampler: Site WordPress Concrete
2021-03-31 16:30:28,037 INFO o.a.j.t.JMeterThread: Thread finished: Thread Group 1-23
2021-03-31 16:30:28,038 INFO o.a.j.t.JMeterThread: Stopping: Thread Group 1-24
2021-03-31 16:30:28,038 WARN o.a.j.t.JMeterThread: Interrupting: Thread Group 1-24 sampler: Site WordPress Concrete
2021-03-31 16:30:28,038 INFO o.a.j.t.JMeterThread: Thread finished: Thread Group 1-33
2021-03-31 16:30:28,039 INFO o.a.j.t.JMeterThread: Thread finished: Thread Group 1-14
2021-03-31 16:30:28,039 INFO o.a.j.t.JMeterThread: Stopping: Thread Group 1-34
2021-03-31 16:30:28,039 WARN o.a.j.t.JMeterThread: Interrupting: Thread Group 1-34 sampler: Site WordPress Concrete
2021-03-31 16:30:28,039 INFO o.a.j.t.JMeterThread: Thread finished: Thread Group 1-24
2021-03-31 16:30:28,040 INFO o.a.j.t.JMeterThread: Stopping: Thread Group 1-6
2021-03-31 16:30:28,040 WARN o.a.j.t.JMeterThread: Interrupting: Thread Group 1-6 sampler: Site WordPress Concrete
2021-03-31 16:30:28,042 INFO o.a.j.t.JMeterThread: Thread finished: Thread Group 1-34
2021-03-31 16:30:28,042 INFO o.a.j.t.JMeterThread: Stopping: Thread Group 1-39
2021-03-31 16:30:28,042 WARN o.a.j.t.JMeterThread: Interrupting: Thread Group 1-39 sampler: Site WordPress Concrete
2021-03-31 16:30:28,043 INFO o.a.j.t.JMeterThread: Thread finished: Thread Group 1-6
2021-03-31 16:30:28,043 INFO o.a.j.t.JMeterThread: Stopping: Thread Group 1-37
2021-03-31 16:30:28,043 WARN o.a.j.t.JMeterThread: Interrupting: Thread Group 1-37 sampler: Site WordPress Concrete
2021-03-31 16:30:28,043 INFO o.a.j.t.JMeterThread: Stopping: Thread Group 1-2
2021-03-31 16:30:28,044 WARN o.a.j.t.JMeterThread: Interrupting: Thread Group 1-2 sampler: Site WordPress Concrete
2021-03-31 16:30:28,044 INFO o.a.j.t.JMeterThread: Thread finished: Thread Group 1-39
2021-03-31 16:30:28,044 INFO o.a.j.t.JMeterThread: Thread finished: Thread Group 1-37
2021-03-31 16:30:28,044 INFO o.a.j.t.JMeterThread: Stopping: Thread Group 1-31
2021-03-31 16:30:28,045 WARN o.a.j.t.JMeterThread: Interrupting: Thread Group 1-31 sampler: Site WordPress Concrete
2021-03-31 16:30:28,046 INFO o.a.j.t.JMeterThread: Thread finished: Thread Group 1-2
2021-03-31 16:30:28,046 INFO o.a.j.t.JMeterThread: Stopping: Thread Group 1-28
2021-03-31 16:30:28,047 WARN o.a.j.t.JMeterThread: Interrupting: Thread Group 1-28 sampler: Site WordPress Concrete
2021-03-31 16:30:28,048 INFO o.a.j.t.JMeterThread: Thread finished: Thread Group 1-31
2021-03-31 16:30:28,048 INFO o.a.j.t.JMeterThread: Stopping: Thread Group 1-20
2021-03-31 16:30:28,048 WARN o.a.j.t.JMeterThread: Interrupting: Thread Group 1-20 sampler: Site WordPress Concrete
2021-03-31 16:30:28,048 INFO o.a.j.t.JMeterThread: Thread finished: Thread Group 1-28
2021-03-31 16:30:28,048 INFO o.a.j.t.JMeterThread: Stopping: Thread Group 1-15
2021-03-31 16:30:28,048 WARN o.a.j.t.JMeterThread: Interrupting: Thread Group 1-15 sampler: Site WordPress Concrete
2021-03-31 16:30:28,049 INFO o.a.j.t.JMeterThread: Thread finished: Thread Group 1-20
2021-03-31 16:30:28,049 INFO o.a.j.t.JMeterThread: Stopping: Thread Group 1-3
2021-03-31 16:30:28,049 WARN o.a.j.t.JMeterThread: Interrupting: Thread Group 1-3 sampler: Site WordPress Concrete
2021-03-31 16:30:28,049 INFO o.a.j.t.JMeterThread: Thread finished: Thread Group 1-15
2021-03-31 16:30:28,049 INFO o.a.j.t.JMeterThread: Stopping: Thread Group 1-4
2021-03-31 16:30:28,050 WARN o.a.j.t.JMeterThread: Interrupting: Thread Group 1-4 sampler: Site WordPress Concrete
2021-03-31 16:30:28,050 INFO o.a.j.t.JMeterThread: Thread finished: Thread Group 1-3
2021-03-31 16:30:28,050 INFO o.a.j.t.JMeterThread: Stopping: Thread Group 1-29
2021-03-31 16:30:28,050 WARN o.a.j.t.JMeterThread: Interrupting: Thread Group 1-29 sampler: Site WordPress Concrete
2021-03-31 16:30:28,050 INFO o.a.j.t.JMeterThread: Thread finished: Thread Group 1-4
2021-03-31 16:30:28,050 INFO o.a.j.t.JMeterThread: Stopping: Thread Group 1-38
2021-03-31 16:30:28,050 WARN o.a.j.t.JMeterThread: Interrupting: Thread Group 1-38 sampler: Site WordPress Concrete
2021-03-31 16:30:28,051 INFO o.a.j.t.JMeterThread: Stopping: Thread Group 1-17
2021-03-31 16:30:28,051 INFO o.a.j.t.JMeterThread: Thread finished: Thread Group 1-29
2021-03-31 16:30:28,051 WARN o.a.j.t.JMeterThread: Interrupting: Thread Group 1-17 sampler: Site WordPress Concrete
2021-03-31 16:30:28,051 INFO o.a.j.t.JMeterThread: Thread finished: Thread Group 1-38
2021-03-31 16:30:28,051 INFO o.a.j.t.JMeterThread: Stopping: Thread Group 1-7
2021-03-31 16:30:28,051 WARN o.a.j.t.JMeterThread: Interrupting: Thread Group 1-7 sampler: Site WordPress Concrete
2021-03-31 16:30:28,052 INFO o.a.j.t.JMeterThread: Stopping: Thread Group 1-19
2021-03-31 16:30:28,052 WARN o.a.j.t.JMeterThread: Interrupting: Thread Group 1-19 sampler: Site WordPress Concrete
2021-03-31 16:30:28,052 INFO o.a.j.t.JMeterThread: Thread finished: Thread Group 1-17
2021-03-31 16:30:28,052 INFO o.a.j.t.JMeterThread: Stopping: Thread Group 1-36
2021-03-31 16:30:28,052 WARN o.a.j.t.JMeterThread: Interrupting: Thread Group 1-36 sampler: Site WordPress Concrete
2021-03-31 16:30:28,053 INFO o.a.j.t.JMeterThread: Stopping: Thread Group 1-9
2021-03-31 16:30:28,053 INFO o.a.j.t.JMeterThread: Thread finished: Thread Group 1-7
2021-03-31 16:30:28,053 INFO o.a.j.t.JMeterThread: Thread finished: Thread Group 1-19
2021-03-31 16:30:28,053 WARN o.a.j.t.JMeterThread: Interrupting: Thread Group 1-9 sampler: Site WordPress Concrete
2021-03-31 16:30:28,053 INFO o.a.j.t.JMeterThread: Thread finished: Thread Group 1-36
2021-03-31 16:30:28,053 INFO o.a.j.t.JMeterThread: Stopping: Thread Group 1-16
2021-03-31 16:30:28,053 WARN o.a.j.t.JMeterThread: Interrupting: Thread Group 1-16 sampler: Site WordPress Concrete
2021-03-31 16:30:28,054 INFO o.a.j.t.JMeterThread: Thread finished: Thread Group 1-9
2021-03-31 16:30:28,054 INFO o.a.j.t.JMeterThread: Stopping: Thread Group 1-22
2021-03-31 16:30:28,054 WARN o.a.j.t.JMeterThread: Interrupting: Thread Group 1-22 sampler: Site WordPress Concrete
2021-03-31 16:30:28,054 INFO o.a.j.t.JMeterThread: Stopping: Thread Group 1-35
2021-03-31 16:30:28,054 INFO o.a.j.t.JMeterThread: Thread finished: Thread Group 1-16
2021-03-31 16:30:28,054 WARN o.a.j.t.JMeterThread: Interrupting: Thread Group 1-35 sampler: Site WordPress Concrete
2021-03-31 16:30:28,055 INFO o.a.j.t.JMeterThread: Thread finished: Thread Group 1-22
2021-03-31 16:30:28,055 INFO o.a.j.t.JMeterThread: Stopping: Thread Group 1-13
2021-03-31 16:30:28,055 WARN o.a.j.t.JMeterThread: Interrupting: Thread Group 1-13 sampler: Site WordPress Concrete
2021-03-31 16:30:28,055 INFO o.a.j.t.JMeterThread: Thread finished: Thread Group 1-35
2021-03-31 16:30:28,055 INFO o.a.j.t.JMeterThread: Stopping: Thread Group 1-1
2021-03-31 16:30:28,056 WARN o.a.j.t.JMeterThread: Interrupting: Thread Group 1-1 sampler: Site WordPress Concrete
2021-03-31 16:30:28,056 INFO o.a.j.t.JMeterThread: Thread finished: Thread Group 1-13
2021-03-31 16:30:28,056 INFO o.a.j.t.JMeterThread: Stopping: Thread Group 1-32
2021-03-31 16:30:28,056 WARN o.a.j.t.JMeterThread: Interrupting: Thread Group 1-32 sampler: Site WordPress Concrete
2021-03-31 16:30:28,056 INFO o.a.j.t.JMeterThread: Stopping: Thread Group 1-21
2021-03-31 16:30:28,056 INFO o.a.j.t.JMeterThread: Thread finished: Thread Group 1-1
2021-03-31 16:30:28,056 WARN o.a.j.t.JMeterThread: Interrupting: Thread Group 1-21 sampler: Site WordPress Concrete
2021-03-31 16:30:28,057 INFO o.a.j.t.JMeterThread: Thread finished: Thread Group 1-32
2021-03-31 16:30:28,057 INFO o.a.j.t.JMeterThread: Stopping: Thread Group 1-26
2021-03-31 16:30:28,057 WARN o.a.j.t.JMeterThread: Interrupting: Thread Group 1-26 sampler: Site WordPress Concrete
2021-03-31 16:30:28,057 INFO o.a.j.t.JMeterThread: Thread finished: Thread Group 1-21
2021-03-31 16:30:28,058 INFO o.a.j.t.JMeterThread: Thread finished: Thread Group 1-26
2021-03-31 16:30:28,058 INFO o.a.j.e.StandardJMeterEngine: Notifying test listeners of end of test
2021-03-31 16:30:28,058 INFO o.a.j.g.u.JMeterMenuBar: setRunning(false, *local*)
2021-03-31 16:40:02,301 INFO o.a.j.e.StandardJMeterEngine: Running the test!
2021-03-31 16:40:02,302 INFO o.a.j.s.SampleEvent: List of sample_variables: []
2021-03-31 16:40:02,302 INFO o.a.j.g.u.JMeterMenuBar: setRunning(true, *local*)
2021-03-31 16:40:02,589 INFO o.a.j.e.StandardJMeterEngine: Starting ThreadGroup: 1 : Thread Group
2021-03-31 16:40:02,589 INFO o.a.j.e.StandardJMeterEngine: Starting 40 threads for group Thread Group.
2021-03-31 16:40:02,589 INFO o.a.j.e.StandardJMeterEngine: Thread will continue on error
2021-03-31 16:40:02,590 INFO o.a.j.t.ThreadGroup: Starting thread group... number=1 threads=40 ramp-up=10 delayedStart=false
2021-03-31 16:40:02,590 INFO o.a.j.t.JMeterThread: Thread started: Thread Group 1-1
2021-03-31 16:40:02,613 INFO o.a.j.t.ThreadGroup: Started thread group number 1
2021-03-31 16:40:02,614 INFO o.a.j.e.StandardJMeterEngine: All thread groups have been started
2021-03-31 16:40:02,738 INFO o.a.j.p.h.s.h.LazyLayeredConnectionSocketFactory: Setting up HTTPS TrustAll Socket Factory
2021-03-31 16:40:02,744 INFO o.a.j.u.JsseSSLManager: Using default SSL protocol: TLS
2021-03-31 16:40:02,744 INFO o.a.j.u.JsseSSLManager: SSL session context: per-thread
2021-03-31 16:40:02,842 INFO o.a.j.t.JMeterThread: Thread started: Thread Group 1-2
2021-03-31 16:40:03,055 INFO o.a.j.u.SSLManager: JmeterKeyStore Location:  type JKS
2021-03-31 16:40:03,060 INFO o.a.j.u.SSLManager: KeyStore created OK
2021-03-31 16:40:03,060 WARN o.a.j.u.SSLManager: Keystore file not found, loading empty keystore
2021-03-31 16:40:03,095 INFO o.a.j.t.JMeterThread: Thread started: Thread Group 1-3
2021-03-31 16:40:03,341 INFO o.a.j.t.JMeterThread: Thread started: Thread Group 1-4
2021-03-31 16:40:03,599 INFO o.a.j.t.JMeterThread: Thread started: Thread Group 1-5
2021-03-31 16:40:03,847 INFO o.a.j.t.JMeterThread: Thread started: Thread Group 1-6
2021-03-31 16:40:04,097 INFO o.a.j.t.JMeterThread: Thread started: Thread Group 1-7
2021-03-31 16:40:04,349 INFO o.a.j.t.JMeterThread: Thread started: Thread Group 1-8
2021-03-31 16:40:04,595 INFO o.a.j.t.JMeterThread: Thread started: Thread Group 1-9
2021-03-31 16:40:04,846 INFO o.a.j.t.JMeterThread: Thread started: Thread Group 1-10
2021-03-31 16:40:05,094 INFO o.a.j.t.JMeterThread: Thread started: Thread Group 1-11
2021-03-31 16:40:05,343 INFO o.a.j.t.JMeterThread: Thread started: Thread Group 1-12
2021-03-31 16:40:05,594 INFO o.a.j.t.JMeterThread: Thread started: Thread Group 1-13
2021-03-31 16:40:05,843 INFO o.a.j.t.JMeterThread: Thread started: Thread Group 1-14
2021-03-31 16:40:06,094 INFO o.a.j.t.JMeterThread: Thread started: Thread Group 1-15
2021-03-31 16:40:06,345 INFO o.a.j.t.JMeterThread: Thread started: Thread Group 1-16
2021-03-31 16:40:06,594 INFO o.a.j.t.JMeterThread: Thread started: Thread Group 1-17
2021-03-31 16:40:06,840 INFO o.a.j.t.JMeterThread: Thread started: Thread Group 1-18
2021-03-31 16:40:07,091 INFO o.a.j.t.JMeterThread: Thread started: Thread Group 1-19
2021-03-31 16:40:07,342 INFO o.a.j.t.JMeterThread: Thread started: Thread Group 1-20
2021-03-31 16:40:07,594 INFO o.a.j.t.JMeterThread: Thread started: Thread Group 1-21
2021-03-31 16:40:07,842 INFO o.a.j.t.JMeterThread: Thread started: Thread Group 1-22
2021-03-31 16:40:08,094 INFO o.a.j.t.JMeterThread: Thread started: Thread Group 1-23
2021-03-31 16:40:08,342 INFO o.a.j.t.JMeterThread: Thread started: Thread Group 1-24
2021-03-31 16:40:08,594 INFO o.a.j.t.JMeterThread: Thread started: Thread Group 1-25
2021-03-31 16:40:08,846 INFO o.a.j.t.JMeterThread: Thread started: Thread Group 1-26
2021-03-31 16:40:09,092 INFO o.a.j.t.JMeterThread: Thread started: Thread Group 1-27
2021-03-31 16:40:09,346 INFO o.a.j.t.JMeterThread: Thread started: Thread Group 1-28
2021-03-31 16:40:09,595 INFO o.a.j.t.JMeterThread: Thread started: Thread Group 1-29
2021-03-31 16:40:09,843 INFO o.a.j.t.JMeterThread: Thread started: Thread Group 1-30
2021-03-31 16:40:10,095 INFO o.a.j.t.JMeterThread: Thread started: Thread Group 1-31
2021-03-31 16:40:10,345 INFO o.a.j.t.JMeterThread: Thread started: Thread Group 1-32
2021-03-31 16:40:10,594 INFO o.a.j.t.JMeterThread: Thread started: Thread Group 1-33
2021-03-31 16:40:10,842 INFO o.a.j.t.JMeterThread: Thread started: Thread Group 1-34
2021-03-31 16:40:11,092 INFO o.a.j.t.JMeterThread: Thread started: Thread Group 1-35
2021-03-31 16:40:11,341 INFO o.a.j.t.JMeterThread: Thread started: Thread Group 1-36
2021-03-31 16:40:11,594 INFO o.a.j.t.JMeterThread: Thread started: Thread Group 1-37
2021-03-31 16:40:11,843 INFO o.a.j.t.JMeterThread: Thread started: Thread Group 1-38
2021-03-31 16:40:12,094 INFO o.a.j.t.JMeterThread: Thread started: Thread Group 1-39
2021-03-31 16:40:12,342 INFO o.a.j.t.JMeterThread: Thread started: Thread Group 1-40
2021-03-31 16:41:05,590 INFO o.a.j.g.a.Start: Stopping test
2021-03-31 16:41:05,705 INFO o.a.j.t.JMeterThread: Stopping: Thread Group 1-29
2021-03-31 16:41:05,705 WARN o.a.j.t.JMeterThread: Interrupting: Thread Group 1-29 sampler: Site WordPress Concrete
2021-03-31 16:41:05,709 INFO o.a.j.t.JMeterThread: Stopping: Thread Group 1-32
2021-03-31 16:41:05,710 WARN o.a.j.t.JMeterThread: Interrupting: Thread Group 1-32 sampler: Site WordPress Concrete
2021-03-31 16:41:05,710 INFO o.a.j.t.JMeterThread: Thread finished: Thread Group 1-29
2021-03-31 16:41:05,712 INFO o.a.j.t.JMeterThread: Stopping: Thread Group 1-4
2021-03-31 16:41:05,713 WARN o.a.j.t.JMeterThread: Interrupting: Thread Group 1-4 sampler: Site WordPress Concrete
2021-03-31 16:41:05,713 INFO o.a.j.t.JMeterThread: Thread finished: Thread Group 1-32
2021-03-31 16:41:05,714 INFO o.a.j.t.JMeterThread: Stopping: Thread Group 1-8
2021-03-31 16:41:05,714 WARN o.a.j.t.JMeterThread: Interrupting: Thread Group 1-8 sampler: Site WordPress Concrete
2021-03-31 16:41:05,714 INFO o.a.j.t.JMeterThread: Thread finished: Thread Group 1-4
2021-03-31 16:41:05,716 INFO o.a.j.t.JMeterThread: Stopping: Thread Group 1-11
2021-03-31 16:41:05,716 WARN o.a.j.t.JMeterThread: Interrupting: Thread Group 1-11 sampler: Site WordPress Concrete
2021-03-31 16:41:05,717 INFO o.a.j.t.JMeterThread: Thread finished: Thread Group 1-8
2021-03-31 16:41:05,718 INFO o.a.j.t.JMeterThread: Stopping: Thread Group 1-35
2021-03-31 16:41:05,718 WARN o.a.j.t.JMeterThread: Interrupting: Thread Group 1-35 sampler: Site WordPress Concrete
2021-03-31 16:41:05,718 INFO o.a.j.t.JMeterThread: Thread finished: Thread Group 1-11
2021-03-31 16:41:05,721 INFO o.a.j.t.JMeterThread: Stopping: Thread Group 1-15
2021-03-31 16:41:05,721 WARN o.a.j.t.JMeterThread: Interrupting: Thread Group 1-15 sampler: Site WordPress Concrete
2021-03-31 16:41:05,721 INFO o.a.j.t.JMeterThread: Thread finished: Thread Group 1-35
2021-03-31 16:41:05,725 INFO o.a.j.t.JMeterThread: Thread finished: Thread Group 1-15
2021-03-31 16:41:05,725 INFO o.a.j.t.JMeterThread: Stopping: Thread Group 1-3
2021-03-31 16:41:05,726 WARN o.a.j.t.JMeterThread: Interrupting: Thread Group 1-3 sampler: Site WordPress Concrete
2021-03-31 16:41:05,727 INFO o.a.j.t.JMeterThread: Stopping: Thread Group 1-34
2021-03-31 16:41:05,727 WARN o.a.j.t.JMeterThread: Interrupting: Thread Group 1-34 sampler: Site WordPress Concrete
2021-03-31 16:41:05,727 INFO o.a.j.t.JMeterThread: Thread finished: Thread Group 1-3
2021-03-31 16:41:05,729 INFO o.a.j.t.JMeterThread: Stopping: Thread Group 1-37
2021-03-31 16:41:05,729 WARN o.a.j.t.JMeterThread: Interrupting: Thread Group 1-37 sampler: Site WordPress Concrete
2021-03-31 16:41:05,729 INFO o.a.j.t.JMeterThread: Thread finished: Thread Group 1-34
2021-03-31 16:41:05,730 INFO o.a.j.t.JMeterThread: Stopping: Thread Group 1-12
2021-03-31 16:41:05,730 WARN o.a.j.t.JMeterThread: Interrupting: Thread Group 1-12 sampler: Site WordPress Concrete
2021-03-31 16:41:05,731 INFO o.a.j.t.JMeterThread: Thread finished: Thread Group 1-37
2021-03-31 16:41:05,732 INFO o.a.j.t.JMeterThread: Stopping: Thread Group 1-10
2021-03-31 16:41:05,732 INFO o.a.j.t.JMeterThread: Thread finished: Thread Group 1-12
2021-03-31 16:41:05,732 WARN o.a.j.t.JMeterThread: Interrupting: Thread Group 1-10 sampler: Site WordPress Concrete
2021-03-31 16:41:05,735 INFO o.a.j.t.JMeterThread: Stopping: Thread Group 1-7
2021-03-31 16:41:05,735 WARN o.a.j.t.JMeterThread: Interrupting: Thread Group 1-7 sampler: Site WordPress Concrete
2021-03-31 16:41:05,735 INFO o.a.j.t.JMeterThread: Thread finished: Thread Group 1-10
2021-03-31 16:41:05,737 INFO o.a.j.t.JMeterThread: Stopping: Thread Group 1-14
2021-03-31 16:41:05,737 WARN o.a.j.t.JMeterThread: Interrupting: Thread Group 1-14 sampler: Site WordPress Concrete
2021-03-31 16:41:05,737 INFO o.a.j.t.JMeterThread: Thread finished: Thread Group 1-7
2021-03-31 16:41:05,738 INFO o.a.j.t.JMeterThread: Stopping: Thread Group 1-39
2021-03-31 16:41:05,738 WARN o.a.j.t.JMeterThread: Interrupting: Thread Group 1-39 sampler: Site WordPress Concrete
2021-03-31 16:41:05,739 INFO o.a.j.t.JMeterThread: Thread finished: Thread Group 1-14
2021-03-31 16:41:05,741 INFO o.a.j.t.JMeterThread: Thread finished: Thread Group 1-39
2021-03-31 16:41:05,741 INFO o.a.j.t.JMeterThread: Stopping: Thread Group 1-23
2021-03-31 16:41:05,741 WARN o.a.j.t.JMeterThread: Interrupting: Thread Group 1-23 sampler: Site WordPress Concrete
2021-03-31 16:41:05,743 INFO o.a.j.t.JMeterThread: Stopping: Thread Group 1-20
2021-03-31 16:41:05,743 WARN o.a.j.t.JMeterThread: Interrupting: Thread Group 1-20 sampler: Site WordPress Concrete
2021-03-31 16:41:05,743 INFO o.a.j.t.JMeterThread: Thread finished: Thread Group 1-23
2021-03-31 16:41:05,749 INFO o.a.j.t.JMeterThread: Stopping: Thread Group 1-33
2021-03-31 16:41:05,749 WARN o.a.j.t.JMeterThread: Interrupting: Thread Group 1-33 sampler: Site WordPress Concrete
2021-03-31 16:41:05,749 INFO o.a.j.t.JMeterThread: Thread finished: Thread Group 1-20
2021-03-31 16:41:05,750 INFO o.a.j.t.JMeterThread: Stopping: Thread Group 1-36
2021-03-31 16:41:05,751 WARN o.a.j.t.JMeterThread: Interrupting: Thread Group 1-36 sampler: Site WordPress Concrete
2021-03-31 16:41:05,751 INFO o.a.j.t.JMeterThread: Thread finished: Thread Group 1-33
2021-03-31 16:41:05,753 INFO o.a.j.t.JMeterThread: Stopping: Thread Group 1-30
2021-03-31 16:41:05,753 WARN o.a.j.t.JMeterThread: Interrupting: Thread Group 1-30 sampler: Site WordPress Concrete
2021-03-31 16:41:05,753 INFO o.a.j.t.JMeterThread: Thread finished: Thread Group 1-36
2021-03-31 16:41:05,755 INFO o.a.j.t.JMeterThread: Stopping: Thread Group 1-9
2021-03-31 16:41:05,755 INFO o.a.j.t.JMeterThread: Thread finished: Thread Group 1-30
2021-03-31 16:41:05,755 WARN o.a.j.t.JMeterThread: Interrupting: Thread Group 1-9 sampler: Site WordPress Concrete
2021-03-31 16:41:05,756 INFO o.a.j.t.JMeterThread: Stopping: Thread Group 1-17
2021-03-31 16:41:05,757 INFO o.a.j.t.JMeterThread: Thread finished: Thread Group 1-9
2021-03-31 16:41:05,757 WARN o.a.j.t.JMeterThread: Interrupting: Thread Group 1-17 sampler: Site WordPress Concrete
2021-03-31 16:41:05,760 INFO o.a.j.t.JMeterThread: Stopping: Thread Group 1-22
2021-03-31 16:41:05,760 WARN o.a.j.t.JMeterThread: Interrupting: Thread Group 1-22 sampler: Site WordPress Concrete
2021-03-31 16:41:05,761 INFO o.a.j.t.JMeterThread: Thread finished: Thread Group 1-17
2021-03-31 16:41:05,764 INFO o.a.j.t.JMeterThread: Stopping: Thread Group 1-5
2021-03-31 16:41:05,764 WARN o.a.j.t.JMeterThread: Interrupting: Thread Group 1-5 sampler: Site WordPress Concrete
2021-03-31 16:41:05,764 INFO o.a.j.t.JMeterThread: Thread finished: Thread Group 1-22
2021-03-31 16:41:05,766 INFO o.a.j.t.JMeterThread: Stopping: Thread Group 1-28
2021-03-31 16:41:05,766 INFO o.a.j.t.JMeterThread: Thread finished: Thread Group 1-5
2021-03-31 16:41:05,766 WARN o.a.j.t.JMeterThread: Interrupting: Thread Group 1-28 sampler: Site WordPress Concrete
2021-03-31 16:41:05,767 INFO o.a.j.t.JMeterThread: Stopping: Thread Group 1-27
2021-03-31 16:41:05,767 WARN o.a.j.t.JMeterThread: Interrupting: Thread Group 1-27 sampler: Site WordPress Concrete
2021-03-31 16:41:05,767 INFO o.a.j.t.JMeterThread: Thread finished: Thread Group 1-28
2021-03-31 16:41:05,769 INFO o.a.j.t.JMeterThread: Stopping: Thread Group 1-13
2021-03-31 16:41:05,769 INFO o.a.j.t.JMeterThread: Thread finished: Thread Group 1-27
2021-03-31 16:41:05,769 WARN o.a.j.t.JMeterThread: Interrupting: Thread Group 1-13 sampler: Site WordPress Concrete
2021-03-31 16:41:05,769 INFO o.a.j.t.JMeterThread: Stopping: Thread Group 1-26
2021-03-31 16:41:05,770 WARN o.a.j.t.JMeterThread: Interrupting: Thread Group 1-26 sampler: Site WordPress Concrete
2021-03-31 16:41:05,770 INFO o.a.j.t.JMeterThread: Thread finished: Thread Group 1-13
2021-03-31 16:41:05,771 INFO o.a.j.t.JMeterThread: Stopping: Thread Group 1-25
2021-03-31 16:41:05,771 WARN o.a.j.t.JMeterThread: Interrupting: Thread Group 1-25 sampler: Site WordPress Concrete
2021-03-31 16:41:05,771 INFO o.a.j.t.JMeterThread: Thread finished: Thread Group 1-26
2021-03-31 16:41:05,773 INFO o.a.j.t.JMeterThread: Stopping: Thread Group 1-19
2021-03-31 16:41:05,773 WARN o.a.j.t.JMeterThread: Interrupting: Thread Group 1-19 sampler: Site WordPress Concrete
2021-03-31 16:41:05,773 INFO o.a.j.t.JMeterThread: Thread finished: Thread Group 1-25
2021-03-31 16:41:05,775 INFO o.a.j.t.JMeterThread: Stopping: Thread Group 1-2
2021-03-31 16:41:05,775 WARN o.a.j.t.JMeterThread: Interrupting: Thread Group 1-2 sampler: Site WordPress Concrete
2021-03-31 16:41:05,777 INFO o.a.j.t.JMeterThread: Thread finished: Thread Group 1-19
2021-03-31 16:41:05,778 INFO o.a.j.t.JMeterThread: Thread finished: Thread Group 1-2
2021-03-31 16:41:05,778 INFO o.a.j.t.JMeterThread: Stopping: Thread Group 1-18
2021-03-31 16:41:05,778 WARN o.a.j.t.JMeterThread: Interrupting: Thread Group 1-18 sampler: Site WordPress Concrete
2021-03-31 16:41:05,780 INFO o.a.j.t.JMeterThread: Thread finished: Thread Group 1-18
2021-03-31 16:41:05,780 INFO o.a.j.t.JMeterThread: Stopping: Thread Group 1-6
2021-03-31 16:41:05,780 WARN o.a.j.t.JMeterThread: Interrupting: Thread Group 1-6 sampler: Site WordPress Concrete
2021-03-31 16:41:05,785 INFO o.a.j.t.JMeterThread: Stopping: Thread Group 1-21
2021-03-31 16:41:05,786 WARN o.a.j.t.JMeterThread: Interrupting: Thread Group 1-21 sampler: Site WordPress Concrete
2021-03-31 16:41:05,789 INFO o.a.j.t.JMeterThread: Thread finished: Thread Group 1-6
2021-03-31 16:41:05,792 INFO o.a.j.t.JMeterThread: Stopping: Thread Group 1-24
2021-03-31 16:41:05,792 WARN o.a.j.t.JMeterThread: Interrupting: Thread Group 1-24 sampler: Site WordPress Concrete
2021-03-31 16:41:05,792 INFO o.a.j.t.JMeterThread: Thread finished: Thread Group 1-21
2021-03-31 16:41:05,793 INFO o.a.j.t.JMeterThread: Stopping: Thread Group 1-1
2021-03-31 16:41:05,793 WARN o.a.j.t.JMeterThread: Interrupting: Thread Group 1-1 sampler: Site WordPress Concrete
2021-03-31 16:41:05,794 INFO o.a.j.t.JMeterThread: Thread finished: Thread Group 1-24
2021-03-31 16:41:05,794 INFO o.a.j.t.JMeterThread: Stopping: Thread Group 1-40
2021-03-31 16:41:05,795 WARN o.a.j.t.JMeterThread: Interrupting: Thread Group 1-40 sampler: Site WordPress Concrete
2021-03-31 16:41:05,795 INFO o.a.j.t.JMeterThread: Thread finished: Thread Group 1-1
2021-03-31 16:41:05,795 INFO o.a.j.t.JMeterThread: Stopping: Thread Group 1-38
2021-03-31 16:41:05,795 WARN o.a.j.t.JMeterThread: Interrupting: Thread Group 1-38 sampler: Site WordPress Concrete
2021-03-31 16:41:05,796 INFO o.a.j.t.JMeterThread: Thread finished: Thread Group 1-40
2021-03-31 16:41:05,796 INFO o.a.j.t.JMeterThread: Stopping: Thread Group 1-31
2021-03-31 16:41:05,797 WARN o.a.j.t.JMeterThread: Interrupting: Thread Group 1-31 sampler: Site WordPress Concrete
2021-03-31 16:41:05,797 INFO o.a.j.t.JMeterThread: Thread finished: Thread Group 1-38
2021-03-31 16:41:05,798 INFO o.a.j.t.JMeterThread: Stopping: Thread Group 1-16
2021-03-31 16:41:05,798 WARN o.a.j.t.JMeterThread: Interrupting: Thread Group 1-16 sampler: Site WordPress Concrete
2021-03-31 16:41:05,798 INFO o.a.j.t.JMeterThread: Thread finished: Thread Group 1-31
2021-03-31 16:41:05,800 INFO o.a.j.t.JMeterThread: Thread finished: Thread Group 1-16
2021-03-31 16:41:05,800 INFO o.a.j.e.StandardJMeterEngine: Notifying test listeners of end of test
2021-03-31 16:41:05,801 INFO o.a.j.g.u.JMeterMenuBar: setRunning(false, *local*)
2021-03-31 16:53:46,709 INFO o.a.j.e.StandardJMeterEngine: Running the test!
2021-03-31 16:53:46,713 INFO o.a.j.s.SampleEvent: List of sample_variables: []
2021-03-31 16:53:46,717 INFO o.a.j.g.u.JMeterMenuBar: setRunning(true, *local*)
2021-03-31 16:53:47,922 INFO o.a.j.e.StandardJMeterEngine: Starting ThreadGroup: 1 : Thread Group
2021-03-31 16:53:47,922 INFO o.a.j.e.StandardJMeterEngine: Starting 40 threads for group Thread Group.
2021-03-31 16:53:47,922 INFO o.a.j.e.StandardJMeterEngine: Thread will continue on error
2021-03-31 16:53:47,922 INFO o.a.j.t.ThreadGroup: Starting thread group... number=1 threads=40 ramp-up=10 delayedStart=false
2021-03-31 16:53:47,923 INFO o.a.j.t.JMeterThread: Thread started: Thread Group 1-1
2021-03-31 16:53:47,939 INFO o.a.j.t.ThreadGroup: Started thread group number 1
2021-03-31 16:53:47,939 INFO o.a.j.e.StandardJMeterEngine: All thread groups have been started
2021-03-31 16:53:48,177 INFO o.a.j.t.JMeterThread: Thread started: Thread Group 1-2
2021-03-31 16:53:48,426 INFO o.a.j.t.JMeterThread: Thread started: Thread Group 1-3
2021-03-31 16:53:48,677 INFO o.a.j.t.JMeterThread: Thread started: Thread Group 1-4
2021-03-31 16:53:48,927 INFO o.a.j.t.JMeterThread: Thread started: Thread Group 1-5
2021-03-31 16:53:49,177 INFO o.a.j.t.JMeterThread: Thread started: Thread Group 1-6
2021-03-31 16:53:49,429 INFO o.a.j.t.JMeterThread: Thread started: Thread Group 1-7
2021-03-31 16:53:49,677 INFO o.a.j.t.JMeterThread: Thread started: Thread Group 1-8
2021-03-31 16:53:49,927 INFO o.a.j.t.JMeterThread: Thread started: Thread Group 1-9
2021-03-31 16:53:50,174 INFO o.a.j.t.JMeterThread: Thread started: Thread Group 1-10
2021-03-31 16:53:50,427 INFO o.a.j.t.JMeterThread: Thread started: Thread Group 1-11
2021-03-31 16:53:50,678 INFO o.a.j.t.JMeterThread: Thread started: Thread Group 1-12
2021-03-31 16:53:50,927 INFO o.a.j.t.JMeterThread: Thread started: Thread Group 1-13
2021-03-31 16:53:51,177 INFO o.a.j.t.JMeterThread: Thread started: Thread Group 1-14
2021-03-31 16:53:51,426 INFO o.a.j.t.JMeterThread: Thread started: Thread Group 1-15
2021-03-31 16:53:51,677 INFO o.a.j.t.JMeterThread: Thread started: Thread Group 1-16
2021-03-31 16:53:51,927 INFO o.a.j.t.JMeterThread: Thread started: Thread Group 1-17
2021-03-31 16:53:52,177 INFO o.a.j.t.JMeterThread: Thread started: Thread Group 1-18
2021-03-31 16:53:52,427 INFO o.a.j.t.JMeterThread: Thread started: Thread Group 1-19
2021-03-31 16:53:52,677 INFO o.a.j.t.JMeterThread: Thread started: Thread Group 1-20
2021-03-31 16:53:52,927 INFO o.a.j.t.JMeterThread: Thread started: Thread Group 1-21
2021-03-31 16:53:53,177 INFO o.a.j.t.JMeterThread: Thread started: Thread Group 1-22
2021-03-31 16:53:53,428 INFO o.a.j.t.JMeterThread: Thread started: Thread Group 1-23
2021-03-31 16:53:53,677 INFO o.a.j.t.JMeterThread: Thread started: Thread Group 1-24
2021-03-31 16:53:53,925 INFO o.a.j.t.JMeterThread: Thread started: Thread Group 1-25
2021-03-31 16:53:54,177 INFO o.a.j.t.JMeterThread: Thread started: Thread Group 1-26
2021-03-31 16:53:54,427 INFO o.a.j.t.JMeterThread: Thread started: Thread Group 1-27
2021-03-31 16:53:54,677 INFO o.a.j.t.JMeterThread: Thread started: Thread Group 1-28
2021-03-31 16:53:54,927 INFO o.a.j.t.JMeterThread: Thread started: Thread Group 1-29
2021-03-31 16:53:55,178 INFO o.a.j.t.JMeterThread: Thread started: Thread Group 1-30
2021-03-31 16:53:55,428 INFO o.a.j.t.JMeterThread: Thread started: Thread Group 1-31
2021-03-31 16:53:55,677 INFO o.a.j.t.JMeterThread: Thread started: Thread Group 1-32
2021-03-31 16:53:55,928 INFO o.a.j.t.JMeterThread: Thread started: Thread Group 1-33
2021-03-31 16:53:56,178 INFO o.a.j.t.JMeterThread: Thread started: Thread Group 1-34
2021-03-31 16:53:56,428 INFO o.a.j.t.JMeterThread: Thread started: Thread Group 1-35
2021-03-31 16:53:56,678 INFO o.a.j.t.JMeterThread: Thread started: Thread Group 1-36
2021-03-31 16:53:56,925 INFO o.a.j.t.JMeterThread: Thread started: Thread Group 1-37
2021-03-31 16:53:57,178 INFO o.a.j.t.JMeterThread: Thread started: Thread Group 1-38
2021-03-31 16:53:57,423 INFO o.a.j.t.JMeterThread: Thread started: Thread Group 1-39
2021-03-31 16:53:57,677 INFO o.a.j.t.JMeterThread: Thread started: Thread Group 1-40
2021-03-31 16:54:49,028 INFO o.a.j.g.a.Start: Stopping test
2021-03-31 16:54:49,063 INFO o.a.j.t.JMeterThread: Stopping: Thread Group 1-12
2021-03-31 16:54:49,063 WARN o.a.j.t.JMeterThread: Interrupting: Thread Group 1-12 sampler: Site WordPress Concrete
2021-03-31 16:54:49,065 INFO o.a.j.t.JMeterThread: Stopping: Thread Group 1-32
2021-03-31 16:54:49,065 WARN o.a.j.t.JMeterThread: Interrupting: Thread Group 1-32 sampler: Site WordPress Concrete
2021-03-31 16:54:49,065 INFO o.a.j.t.JMeterThread: Thread finished: Thread Group 1-12
2021-03-31 16:54:49,068 INFO o.a.j.t.JMeterThread: Stopping: Thread Group 1-30
2021-03-31 16:54:49,068 WARN o.a.j.t.JMeterThread: Interrupting: Thread Group 1-30 sampler: Site WordPress Concrete
2021-03-31 16:54:49,068 INFO o.a.j.t.JMeterThread: Thread finished: Thread Group 1-32
2021-03-31 16:54:49,070 INFO o.a.j.t.JMeterThread: Stopping: Thread Group 1-6
2021-03-31 16:54:49,070 WARN o.a.j.t.JMeterThread: Interrupting: Thread Group 1-6 sampler: Site WordPress Concrete
2021-03-31 16:54:49,070 INFO o.a.j.t.JMeterThread: Thread finished: Thread Group 1-30
2021-03-31 16:54:49,072 INFO o.a.j.t.JMeterThread: Stopping: Thread Group 1-15
2021-03-31 16:54:49,072 WARN o.a.j.t.JMeterThread: Interrupting: Thread Group 1-15 sampler: Site WordPress Concrete
2021-03-31 16:54:49,072 INFO o.a.j.t.JMeterThread: Thread finished: Thread Group 1-6
2021-03-31 16:54:49,074 INFO o.a.j.t.JMeterThread: Stopping: Thread Group 1-33
2021-03-31 16:54:49,074 WARN o.a.j.t.JMeterThread: Interrupting: Thread Group 1-33 sampler: Site WordPress Concrete
2021-03-31 16:54:49,074 INFO o.a.j.t.JMeterThread: Thread finished: Thread Group 1-15
2021-03-31 16:54:49,075 INFO o.a.j.t.JMeterThread: Stopping: Thread Group 1-39
2021-03-31 16:54:49,075 WARN o.a.j.t.JMeterThread: Interrupting: Thread Group 1-39 sampler: Site WordPress Concrete
2021-03-31 16:54:49,076 INFO o.a.j.t.JMeterThread: Thread finished: Thread Group 1-33
2021-03-31 16:54:49,078 INFO o.a.j.t.JMeterThread: Stopping: Thread Group 1-10
2021-03-31 16:54:49,078 WARN o.a.j.t.JMeterThread: Interrupting: Thread Group 1-10 sampler: Site WordPress Concrete
2021-03-31 16:54:49,078 INFO o.a.j.t.JMeterThread: Thread finished: Thread Group 1-39
2021-03-31 16:54:49,079 INFO o.a.j.t.JMeterThread: Stopping: Thread Group 1-14
2021-03-31 16:54:49,079 WARN o.a.j.t.JMeterThread: Interrupting: Thread Group 1-14 sampler: Site WordPress Concrete
2021-03-31 16:54:49,079 INFO o.a.j.t.JMeterThread: Thread finished: Thread Group 1-10
2021-03-31 16:54:49,081 INFO o.a.j.t.JMeterThread: Stopping: Thread Group 1-34
2021-03-31 16:54:49,081 WARN o.a.j.t.JMeterThread: Interrupting: Thread Group 1-34 sampler: Site WordPress Concrete
2021-03-31 16:54:49,081 INFO o.a.j.t.JMeterThread: Thread finished: Thread Group 1-14
2021-03-31 16:54:49,082 INFO o.a.j.t.JMeterThread: Stopping: Thread Group 1-8
2021-03-31 16:54:49,082 WARN o.a.j.t.JMeterThread: Interrupting: Thread Group 1-8 sampler: Site WordPress Concrete
2021-03-31 16:54:49,082 INFO o.a.j.t.JMeterThread: Thread finished: Thread Group 1-34
2021-03-31 16:54:49,084 INFO o.a.j.t.JMeterThread: Stopping: Thread Group 1-11
2021-03-31 16:54:49,084 WARN o.a.j.t.JMeterThread: Interrupting: Thread Group 1-11 sampler: Site WordPress Concrete
2021-03-31 16:54:49,084 INFO o.a.j.t.JMeterThread: Thread finished: Thread Group 1-8
2021-03-31 16:54:49,086 INFO o.a.j.t.JMeterThread: Stopping: Thread Group 1-18
2021-03-31 16:54:49,086 WARN o.a.j.t.JMeterThread: Interrupting: Thread Group 1-18 sampler: Site WordPress Concrete
2021-03-31 16:54:49,086 INFO o.a.j.t.JMeterThread: Thread finished: Thread Group 1-11
2021-03-31 16:54:49,087 INFO o.a.j.t.JMeterThread: Stopping: Thread Group 1-1
2021-03-31 16:54:49,087 WARN o.a.j.t.JMeterThread: Interrupting: Thread Group 1-1 sampler: Site WordPress Concrete
2021-03-31 16:54:49,087 INFO o.a.j.t.JMeterThread: Thread finished: Thread Group 1-18
2021-03-31 16:54:49,088 INFO o.a.j.t.JMeterThread: Stopping: Thread Group 1-22
2021-03-31 16:54:49,089 INFO o.a.j.t.JMeterThread: Thread finished: Thread Group 1-1
2021-03-31 16:54:49,089 WARN o.a.j.t.JMeterThread: Interrupting: Thread Group 1-22 sampler: Site WordPress Concrete
2021-03-31 16:54:49,091 INFO o.a.j.t.JMeterThread: Stopping: Thread Group 1-23
2021-03-31 16:54:49,092 INFO o.a.j.t.JMeterThread: Thread finished: Thread Group 1-22
2021-03-31 16:54:49,092 WARN o.a.j.t.JMeterThread: Interrupting: Thread Group 1-23 sampler: Site WordPress Concrete
2021-03-31 16:54:49,092 INFO o.a.j.t.JMeterThread: Stopping: Thread Group 1-31
2021-03-31 16:54:49,093 WARN o.a.j.t.JMeterThread: Interrupting: Thread Group 1-31 sampler: Site WordPress Concrete
2021-03-31 16:54:49,093 INFO o.a.j.t.JMeterThread: Thread finished: Thread Group 1-23
2021-03-31 16:54:49,094 INFO o.a.j.t.JMeterThread: Stopping: Thread Group 1-19
2021-03-31 16:54:49,094 WARN o.a.j.t.JMeterThread: Interrupting: Thread Group 1-19 sampler: Site WordPress Concrete
2021-03-31 16:54:49,094 INFO o.a.j.t.JMeterThread: Thread finished: Thread Group 1-31
2021-03-31 16:54:49,095 INFO o.a.j.t.JMeterThread: Stopping: Thread Group 1-2
2021-03-31 16:54:49,095 WARN o.a.j.t.JMeterThread: Interrupting: Thread Group 1-2 sampler: Site WordPress Concrete
2021-03-31 16:54:49,095 INFO o.a.j.t.JMeterThread: Thread finished: Thread Group 1-19
2021-03-31 16:54:49,097 INFO o.a.j.t.JMeterThread: Stopping: Thread Group 1-37
2021-03-31 16:54:49,097 WARN o.a.j.t.JMeterThread: Interrupting: Thread Group 1-37 sampler: Site WordPress Concrete
2021-03-31 16:54:49,097 INFO o.a.j.t.JMeterThread: Thread finished: Thread Group 1-2
2021-03-31 16:54:49,104 INFO o.a.j.t.JMeterThread: Stopping: Thread Group 1-4
2021-03-31 16:54:49,104 INFO o.a.j.t.JMeterThread: Thread finished: Thread Group 1-37
2021-03-31 16:54:49,104 WARN o.a.j.t.JMeterThread: Interrupting: Thread Group 1-4 sampler: Site WordPress Concrete
2021-03-31 16:54:49,105 INFO o.a.j.t.JMeterThread: Stopping: Thread Group 1-20
2021-03-31 16:54:49,105 INFO o.a.j.t.JMeterThread: Thread finished: Thread Group 1-4
2021-03-31 16:54:49,105 WARN o.a.j.t.JMeterThread: Interrupting: Thread Group 1-20 sampler: Site WordPress Concrete
2021-03-31 16:54:49,108 INFO o.a.j.t.JMeterThread: Stopping: Thread Group 1-25
2021-03-31 16:54:49,108 INFO o.a.j.t.JMeterThread: Thread finished: Thread Group 1-20
2021-03-31 16:54:49,108 WARN o.a.j.t.JMeterThread: Interrupting: Thread Group 1-25 sampler: Site WordPress Concrete
2021-03-31 16:54:49,111 INFO o.a.j.t.JMeterThread: Stopping: Thread Group 1-40
2021-03-31 16:54:49,111 WARN o.a.j.t.JMeterThread: Interrupting: Thread Group 1-40 sampler: Site WordPress Concrete
2021-03-31 16:54:49,111 INFO o.a.j.t.JMeterThread: Thread finished: Thread Group 1-25
2021-03-31 16:54:49,113 INFO o.a.j.t.JMeterThread: Stopping: Thread Group 1-26
2021-03-31 16:54:49,113 WARN o.a.j.t.JMeterThread: Interrupting: Thread Group 1-26 sampler: Site WordPress Concrete
2021-03-31 16:54:49,113 INFO o.a.j.t.JMeterThread: Thread finished: Thread Group 1-40
2021-03-31 16:54:49,114 INFO o.a.j.t.JMeterThread: Stopping: Thread Group 1-5
2021-03-31 16:54:49,114 WARN o.a.j.t.JMeterThread: Interrupting: Thread Group 1-5 sampler: Site WordPress Concrete
2021-03-31 16:54:49,114 INFO o.a.j.t.JMeterThread: Thread finished: Thread Group 1-26
2021-03-31 16:54:49,115 INFO o.a.j.t.JMeterThread: Stopping: Thread Group 1-16
2021-03-31 16:54:49,115 WARN o.a.j.t.JMeterThread: Interrupting: Thread Group 1-16 sampler: Site WordPress Concrete
2021-03-31 16:54:49,115 INFO o.a.j.t.JMeterThread: Thread finished: Thread Group 1-5
2021-03-31 16:54:49,116 INFO o.a.j.t.JMeterThread: Stopping: Thread Group 1-7
2021-03-31 16:54:49,116 INFO o.a.j.t.JMeterThread: Thread finished: Thread Group 1-16
2021-03-31 16:54:49,116 WARN o.a.j.t.JMeterThread: Interrupting: Thread Group 1-7 sampler: Site WordPress Concrete
2021-03-31 16:54:49,117 INFO o.a.j.t.JMeterThread: Stopping: Thread Group 1-13
2021-03-31 16:54:49,117 WARN o.a.j.t.JMeterThread: Interrupting: Thread Group 1-13 sampler: Site WordPress Concrete
2021-03-31 16:54:49,118 INFO o.a.j.t.JMeterThread: Thread finished: Thread Group 1-7
2021-03-31 16:54:49,119 INFO o.a.j.t.JMeterThread: Stopping: Thread Group 1-24
2021-03-31 16:54:49,119 WARN o.a.j.t.JMeterThread: Interrupting: Thread Group 1-24 sampler: Site WordPress Concrete
2021-03-31 16:54:49,119 INFO o.a.j.t.JMeterThread: Thread finished: Thread Group 1-13
2021-03-31 16:54:49,120 INFO o.a.j.t.JMeterThread: Stopping: Thread Group 1-9
2021-03-31 16:54:49,120 WARN o.a.j.t.JMeterThread: Interrupting: Thread Group 1-9 sampler: Site WordPress Concrete
2021-03-31 16:54:49,120 INFO o.a.j.t.JMeterThread: Thread finished: Thread Group 1-24
2021-03-31 16:54:49,123 INFO o.a.j.t.JMeterThread: Stopping: Thread Group 1-36
2021-03-31 16:54:49,123 WARN o.a.j.t.JMeterThread: Interrupting: Thread Group 1-36 sampler: Site WordPress Concrete
2021-03-31 16:54:49,126 INFO o.a.j.t.JMeterThread: Thread finished: Thread Group 1-9
2021-03-31 16:54:49,127 INFO o.a.j.t.JMeterThread: Stopping: Thread Group 1-21
2021-03-31 16:54:49,127 WARN o.a.j.t.JMeterThread: Interrupting: Thread Group 1-21 sampler: Site WordPress Concrete
2021-03-31 16:54:49,127 INFO o.a.j.t.JMeterThread: Thread finished: Thread Group 1-36
2021-03-31 16:54:49,128 INFO o.a.j.t.JMeterThread: Stopping: Thread Group 1-17
2021-03-31 16:54:49,128 WARN o.a.j.t.JMeterThread: Interrupting: Thread Group 1-17 sampler: Site WordPress Concrete
2021-03-31 16:54:49,128 INFO o.a.j.t.JMeterThread: Thread finished: Thread Group 1-21
2021-03-31 16:54:49,129 INFO o.a.j.t.JMeterThread: Stopping: Thread Group 1-38
2021-03-31 16:54:49,129 WARN o.a.j.t.JMeterThread: Interrupting: Thread Group 1-38 sampler: Site WordPress Concrete
2021-03-31 16:54:49,130 INFO o.a.j.t.JMeterThread: Thread finished: Thread Group 1-17
2021-03-31 16:54:49,130 INFO o.a.j.t.JMeterThread: Stopping: Thread Group 1-35
2021-03-31 16:54:49,131 WARN o.a.j.t.JMeterThread: Interrupting: Thread Group 1-35 sampler: Site WordPress Concrete
2021-03-31 16:54:49,131 INFO o.a.j.t.JMeterThread: Thread finished: Thread Group 1-38
2021-03-31 16:54:49,131 INFO o.a.j.t.JMeterThread: Stopping: Thread Group 1-28
2021-03-31 16:54:49,131 WARN o.a.j.t.JMeterThread: Interrupting: Thread Group 1-28 sampler: Site WordPress Concrete
2021-03-31 16:54:49,131 INFO o.a.j.t.JMeterThread: Thread finished: Thread Group 1-35
2021-03-31 16:54:49,132 INFO o.a.j.t.JMeterThread: Stopping: Thread Group 1-27
2021-03-31 16:54:49,132 WARN o.a.j.t.JMeterThread: Interrupting: Thread Group 1-27 sampler: Site WordPress Concrete
2021-03-31 16:54:49,132 INFO o.a.j.t.JMeterThread: Thread finished: Thread Group 1-28
2021-03-31 16:54:49,133 INFO o.a.j.t.JMeterThread: Stopping: Thread Group 1-3
2021-03-31 16:54:49,133 WARN o.a.j.t.JMeterThread: Interrupting: Thread Group 1-3 sampler: Site WordPress Concrete
2021-03-31 16:54:49,133 INFO o.a.j.t.JMeterThread: Thread finished: Thread Group 1-27
2021-03-31 16:54:49,134 INFO o.a.j.t.JMeterThread: Stopping: Thread Group 1-29
2021-03-31 16:54:49,134 WARN o.a.j.t.JMeterThread: Interrupting: Thread Group 1-29 sampler: Site WordPress Concrete
2021-03-31 16:54:49,134 INFO o.a.j.t.JMeterThread: Thread finished: Thread Group 1-3
2021-03-31 16:54:49,134 INFO o.a.j.t.JMeterThread: Thread finished: Thread Group 1-29
2021-03-31 16:54:49,135 INFO o.a.j.e.StandardJMeterEngine: Notifying test listeners of end of test
2021-03-31 16:54:49,135 INFO o.a.j.g.u.JMeterMenuBar: setRunning(false, *local*)
